<?xml version="1.0" encoding="UTF-8"?>
<robot generator="Robot 7.1 (Python 3.12.6 on win32)" generated="2024-11-05T21:43:50.218111" rpa="false" schemaversion="5">
<suite id="s1" name="Tests" source="C:\Users\Iza Wicki\OneDrive\Documentos\Robot-Tests-Web\tests">
<suite id="s1-s1" name="Acesso-Tela-Cadasto" source="C:\Users\Iza Wicki\OneDrive\Documentos\Robot-Tests-Web\tests\acesso-tela-cadasto.robot">
<test id="s1-s1-t1" name="Fazer Login de usuario e acessar a tela de cadastro" line="11">
<kw name="Abrir o navegador e acessar página inicial" owner="acesso-tela-cadastrokeywords">
<kw name="Open Browser" owner="SeleniumLibrary">
<msg time="2024-11-05T21:43:50.813929" level="INFO">Opening browser 'chrome' to base url 'None'.</msg>
<arg>browser=chrome</arg>
<doc>Opens a new browser instance to the optional ``url``.</doc>
<status status="PASS" start="2024-11-05T21:43:50.813929" elapsed="3.609882"/>
</kw>
<kw name="Maximize Browser Window" owner="SeleniumLibrary">
<doc>Maximizes current browser window.</doc>
<status status="PASS" start="2024-11-05T21:43:54.424806" elapsed="0.072807"/>
</kw>
<kw name="Go To" owner="SeleniumLibrary">
<msg time="2024-11-05T21:43:54.499607" level="INFO">Opening url 'https://automacao.qacoders.dev.br/login'</msg>
<arg>url=${urlBase}</arg>
<doc>Navigates the current browser window to the provided ``url``.</doc>
<status status="PASS" start="2024-11-05T21:43:54.498609" elapsed="3.420316"/>
</kw>
<status status="PASS" start="2024-11-05T21:43:50.811935" elapsed="7.106990"/>
</kw>
<kw name="Realizar Login" owner="acesso-tela-cadastrokeywords">
<kw name="Wait Until Element Is Visible" owner="SeleniumLibrary">
<arg>${EMAIL_LOGIN}</arg>
<doc>Waits until the element ``locator`` is visible.</doc>
<status status="PASS" start="2024-11-05T21:43:57.920919" elapsed="0.116690"/>
</kw>
<kw name="Input Text" owner="SeleniumLibrary">
<msg time="2024-11-05T21:43:58.038604" level="INFO">Typing text 'sysadmin@qacoders.com' into text field 'id=email'.</msg>
<arg>${EMAIL_LOGIN}</arg>
<arg>${EMAIL_VALIDO}</arg>
<doc>Types the given ``text`` into the text field identified by ``locator``.</doc>
<status status="PASS" start="2024-11-05T21:43:58.037609" elapsed="0.328120"/>
</kw>
<kw name="Wait Until Element Is Visible" owner="SeleniumLibrary">
<arg>${SENHA_LOGIN}</arg>
<doc>Waits until the element ``locator`` is visible.</doc>
<status status="PASS" start="2024-11-05T21:43:58.366727" elapsed="0.029920"/>
</kw>
<kw name="Input Password" owner="SeleniumLibrary">
<msg time="2024-11-05T21:43:58.397646" level="INFO">Typing password into text field 'id=password'.</msg>
<msg time="2024-11-05T21:43:58.446513" level="INFO">Temporally setting log level to: NONE</msg>
<arg>${SENHA_LOGIN}</arg>
<arg>${SENHA_VALIDA}</arg>
<doc>Types the given password into the text field identified by ``locator``.</doc>
<status status="PASS" start="2024-11-05T21:43:58.396647" elapsed="0.145611"/>
</kw>
<kw name="Wait Until Element Is Visible" owner="SeleniumLibrary">
<arg>${BOTAO_IMPUT}</arg>
<doc>Waits until the element ``locator`` is visible.</doc>
<status status="PASS" start="2024-11-05T21:43:58.543256" elapsed="0.024931"/>
</kw>
<kw name="Click Button" owner="SeleniumLibrary">
<msg time="2024-11-05T21:43:58.569187" level="INFO">Clicking button 'id=login'.</msg>
<arg>${BOTAO_IMPUT}</arg>
<doc>Clicks the button identified by ``locator``.</doc>
<status status="PASS" start="2024-11-05T21:43:58.568187" elapsed="0.111223"/>
</kw>
<status status="PASS" start="2024-11-05T21:43:57.919923" elapsed="0.760487"/>
</kw>
<kw name="Acessar Tela de Cadastro de Empresa" owner="acesso-tela-cadastrokeywords">
<kw name="Wait Until Element Is Visible" owner="SeleniumLibrary">
<arg>${CADASTROS_BUTTON}</arg>
<arg>timeout=120</arg>
<doc>Waits until the element ``locator`` is visible.</doc>
<status status="PASS" start="2024-11-05T21:43:58.682403" elapsed="0.480114"/>
</kw>
<kw name="Click Element" owner="SeleniumLibrary">
<msg time="2024-11-05T21:43:59.166506" level="INFO">Clicking element '//*[@id="Cadastros"]/span'.</msg>
<arg>${CADASTROS_BUTTON}</arg>
<doc>Click the element identified by ``locator``.</doc>
<status status="PASS" start="2024-11-05T21:43:59.165515" elapsed="0.087240"/>
</kw>
<kw name="Click Element" owner="SeleniumLibrary">
<msg time="2024-11-05T21:43:59.253753" level="INFO">Clicking element '//*[@id="Empresa"]/span'.</msg>
<arg>${COMPANY_BUTTON}</arg>
<doc>Click the element identified by ``locator``.</doc>
<status status="PASS" start="2024-11-05T21:43:59.253753" elapsed="0.144614"/>
</kw>
<kw name="Wait Until Element Is Visible" owner="SeleniumLibrary">
<arg>id=edit</arg>
<arg>timeout=30</arg>
<doc>Waits until the element ``locator`` is visible.</doc>
<status status="PASS" start="2024-11-05T21:43:59.398367" elapsed="0.303433"/>
</kw>
<kw name="Click Element" owner="SeleniumLibrary">
<msg time="2024-11-05T21:43:59.702822" level="INFO">Clicking element 'id=edit'.</msg>
<arg>id=edit</arg>
<doc>Click the element identified by ``locator``.</doc>
<status status="PASS" start="2024-11-05T21:43:59.701800" elapsed="0.128966"/>
</kw>
<status status="PASS" start="2024-11-05T21:43:58.680410" elapsed="1.150356"/>
</kw>
<status status="PASS" start="2024-11-05T21:43:50.810938" elapsed="9.020825"/>
</test>
<status status="PASS" start="2024-11-05T21:43:50.284349" elapsed="9.549416"/>
</suite>
<suite id="s1-s2" name="Company" source="C:\Users\Iza Wicki\OneDrive\Documentos\Robot-Tests-Web\tests\company.robot">
<test id="s1-s2-t1" name="Editar company" line="12">
<kw name="Fazer Login de usuario e acessar a tela de cadastro" owner="acesso-tela-cadastrokeywords" type="SETUP">
<kw name="Abrir o navegador e acessar página inicial" owner="acesso-tela-cadastrokeywords">
<kw name="Open Browser" owner="SeleniumLibrary">
<msg time="2024-11-05T21:43:59.878639" level="INFO">Opening browser 'chrome' to base url 'None'.</msg>
<arg>browser=chrome</arg>
<doc>Opens a new browser instance to the optional ``url``.</doc>
<status status="PASS" start="2024-11-05T21:43:59.878639" elapsed="3.355442"/>
</kw>
<kw name="Maximize Browser Window" owner="SeleniumLibrary">
<doc>Maximizes current browser window.</doc>
<status status="PASS" start="2024-11-05T21:44:03.234081" elapsed="0.130649"/>
</kw>
<kw name="Go To" owner="SeleniumLibrary">
<msg time="2024-11-05T21:44:03.365727" level="INFO">Opening url 'https://automacao.qacoders.dev.br/login'</msg>
<arg>url=${urlBase}</arg>
<doc>Navigates the current browser window to the provided ``url``.</doc>
<status status="PASS" start="2024-11-05T21:44:03.364730" elapsed="2.415800"/>
</kw>
<status status="PASS" start="2024-11-05T21:43:59.877643" elapsed="5.902887"/>
</kw>
<kw name="Realizar Login" owner="acesso-tela-cadastrokeywords">
<kw name="Wait Until Element Is Visible" owner="SeleniumLibrary">
<arg>${EMAIL_LOGIN}</arg>
<doc>Waits until the element ``locator`` is visible.</doc>
<status status="PASS" start="2024-11-05T21:44:05.782526" elapsed="0.097737"/>
</kw>
<kw name="Input Text" owner="SeleniumLibrary">
<msg time="2024-11-05T21:44:05.881260" level="INFO">Typing text 'sysadmin@qacoders.com' into text field 'id=email'.</msg>
<arg>${EMAIL_LOGIN}</arg>
<arg>${EMAIL_VALIDO}</arg>
<doc>Types the given ``text`` into the text field identified by ``locator``.</doc>
<status status="PASS" start="2024-11-05T21:44:05.880263" elapsed="0.329119"/>
</kw>
<kw name="Wait Until Element Is Visible" owner="SeleniumLibrary">
<arg>${SENHA_LOGIN}</arg>
<doc>Waits until the element ``locator`` is visible.</doc>
<status status="PASS" start="2024-11-05T21:44:06.210384" elapsed="0.038893"/>
</kw>
<kw name="Input Password" owner="SeleniumLibrary">
<msg time="2024-11-05T21:44:06.250273" level="INFO">Typing password into text field 'id=password'.</msg>
<msg time="2024-11-05T21:44:06.296150" level="INFO">Temporally setting log level to: NONE</msg>
<arg>${SENHA_LOGIN}</arg>
<arg>${SENHA_VALIDA}</arg>
<doc>Types the given password into the text field identified by ``locator``.</doc>
<status status="PASS" start="2024-11-05T21:44:06.249277" elapsed="0.154586"/>
</kw>
<kw name="Wait Until Element Is Visible" owner="SeleniumLibrary">
<arg>${BOTAO_IMPUT}</arg>
<doc>Waits until the element ``locator`` is visible.</doc>
<status status="PASS" start="2024-11-05T21:44:06.404863" elapsed="0.043879"/>
</kw>
<kw name="Click Button" owner="SeleniumLibrary">
<msg time="2024-11-05T21:44:06.449739" level="INFO">Clicking button 'id=login'.</msg>
<arg>${BOTAO_IMPUT}</arg>
<doc>Clicks the button identified by ``locator``.</doc>
<status status="PASS" start="2024-11-05T21:44:06.449739" elapsed="0.128656"/>
</kw>
<status status="PASS" start="2024-11-05T21:44:05.781528" elapsed="0.797863"/>
</kw>
<kw name="Acessar Tela de Cadastro de Empresa" owner="acesso-tela-cadastrokeywords">
<kw name="Wait Until Element Is Visible" owner="SeleniumLibrary">
<msg time="2024-11-05T21:44:07.910068" level="INFO">Suppressing StaleElementReferenceException from Selenium.</msg>
<arg>${CADASTROS_BUTTON}</arg>
<arg>timeout=120</arg>
<doc>Waits until the element ``locator`` is visible.</doc>
<status status="PASS" start="2024-11-05T21:44:06.580389" elapsed="1.555882"/>
</kw>
<kw name="Click Element" owner="SeleniumLibrary">
<msg time="2024-11-05T21:44:08.137298" level="INFO">Clicking element '//*[@id="Cadastros"]/span'.</msg>
<arg>${CADASTROS_BUTTON}</arg>
<doc>Click the element identified by ``locator``.</doc>
<status status="PASS" start="2024-11-05T21:44:08.136271" elapsed="0.097617"/>
</kw>
<kw name="Click Element" owner="SeleniumLibrary">
<msg time="2024-11-05T21:44:08.234888" level="INFO">Clicking element '//*[@id="Empresa"]/span'.</msg>
<arg>${COMPANY_BUTTON}</arg>
<doc>Click the element identified by ``locator``.</doc>
<status status="PASS" start="2024-11-05T21:44:08.234888" elapsed="0.147605"/>
</kw>
<kw name="Wait Until Element Is Visible" owner="SeleniumLibrary">
<arg>id=edit</arg>
<arg>timeout=30</arg>
<doc>Waits until the element ``locator`` is visible.</doc>
<status status="PASS" start="2024-11-05T21:44:08.383490" elapsed="0.516618"/>
</kw>
<kw name="Click Element" owner="SeleniumLibrary">
<msg time="2024-11-05T21:44:08.902106" level="INFO">Clicking element 'id=edit'.</msg>
<arg>id=edit</arg>
<doc>Click the element identified by ``locator``.</doc>
<status status="PASS" start="2024-11-05T21:44:08.901105" elapsed="0.166553"/>
</kw>
<status status="PASS" start="2024-11-05T21:44:06.579391" elapsed="2.488267"/>
</kw>
<status status="PASS" start="2024-11-05T21:43:59.877643" elapsed="9.191014"/>
</kw>
<kw name="Editar empresa com o campo &quot;CNPJ&quot; vazio." owner="company-keywords">
<kw name="Input Text" owner="SeleniumLibrary">
<msg time="2024-11-05T21:44:09.076634" level="INFO">Typing text 'Nome da Empresa Exemplo id=companyName' into text field 'id=fantasyName'.</msg>
<arg>id=fantasyName</arg>
<arg>${nome_empresa}</arg>
<doc>Types the given ``text`` into the text field identified by ``locator``.</doc>
<status status="PASS" start="2024-11-05T21:44:09.076634" elapsed="0.522602"/>
</kw>
<kw name="Input Text" owner="SeleniumLibrary">
<msg time="2024-11-05T21:44:09.601231" level="INFO">Typing text 'exemplo@empresa.com id=companyMail' into text field 'id=companyMail'.</msg>
<arg>id=companyMail</arg>
<arg>${email_empresa}</arg>
<doc>Types the given ``text`` into the text field identified by ``locator``.</doc>
<status status="PASS" start="2024-11-05T21:44:09.600235" elapsed="0.516621"/>
</kw>
<kw name="Clear Element Text" owner="SeleniumLibrary">
<arg>id=matriz</arg>
<doc>Clears the value of the text-input-element identified by ``locator``.</doc>
<status status="PASS" start="2024-11-05T21:44:10.116856" elapsed="0.148598"/>
</kw>
<kw name="Input Text" owner="SeleniumLibrary">
<msg time="2024-11-05T21:44:10.266451" level="INFO">Typing text '(11) 91234-5678 id=telephone' into text field 'id=telephone'.</msg>
<arg>id=telephone</arg>
<arg>${contato_responsavel}</arg>
<doc>Types the given ``text`` into the text field identified by ``locator``.</doc>
<status status="PASS" start="2024-11-05T21:44:10.265454" elapsed="0.347070"/>
</kw>
<kw name="Get Text" owner="SeleniumLibrary">
<msg time="2024-11-05T21:44:10.826951" level="INFO" html="true">&lt;/td&gt;&lt;/tr&gt;&lt;tr&gt;&lt;td colspan="3"&gt;&lt;a href="selenium-screenshot-1.png"&gt;&lt;img src="selenium-screenshot-1.png" width="800px"&gt;&lt;/a&gt;</msg>
<msg time="2024-11-05T21:44:10.827948" level="FAIL">Element with locator 'xpath=/html/body/div/div/div[2]/div/form/div/div[4]/p' not found.</msg>
<var>${erro_cnpj}</var>
<arg>xpath=/html/body/div/div/div[2]/div/form/div/div[4]/p</arg>
<doc>Returns the text value of the element identified by ``locator``.</doc>
<status status="FAIL" start="2024-11-05T21:44:10.612524" elapsed="0.223403">Element with locator 'xpath=/html/body/div/div/div[2]/div/form/div/div[4]/p' not found.</status>
</kw>
<kw name="Should Be Equal As Strings" owner="BuiltIn">
<arg>${erro_cnpj}</arg>
<arg>${mensagem_erro_cnpj}</arg>
<doc>Fails if objects are unequal after converting them to strings.</doc>
<status status="NOT RUN" start="2024-11-05T21:44:10.836924" elapsed="0.000000"/>
</kw>
<kw name="Click Button" owner="SeleniumLibrary">
<arg>id=save</arg>
<doc>Clicks the button identified by ``locator``.</doc>
<status status="NOT RUN" start="2024-11-05T21:44:10.836924" elapsed="0.000000"/>
</kw>
<kw name="Get Text" owner="SeleniumLibrary">
<var>${mensagem_erro}</var>
<arg>xpath=//div[@class='MuiAlert-message css-1xsto0d']</arg>
<doc>Returns the text value of the element identified by ``locator``.</doc>
<status status="NOT RUN" start="2024-11-05T21:44:10.837922" elapsed="0.000000"/>
</kw>
<kw name="Should Be Equal As Strings" owner="BuiltIn">
<arg>${mensagem_erro}</arg>
<arg>${mensagem_erro_esperada}</arg>
<doc>Fails if objects are unequal after converting them to strings.</doc>
<status status="NOT RUN" start="2024-11-05T21:44:10.837922" elapsed="0.000000"/>
</kw>
<status status="FAIL" start="2024-11-05T21:44:09.075637" elapsed="1.763282">Element with locator 'xpath=/html/body/div/div/div[2]/div/form/div/div[4]/p' not found.</status>
</kw>
<kw name="Editar Empresa com Bairro Alfanumérico Inválido" owner="company-keywords">
<doc>Testa a edição da empresa com o campo Bairro</doc>
<status status="NOT RUN" start="2024-11-05T21:44:10.839917" elapsed="0.000000"/>
</kw>
<kw name="Editar empresa com o campo &quot;Telefone&quot; com caracteres inválidos (alfanuméricos e especiais)." owner="company-keywords">
<doc>Testa a edição da empresa com o campo Telefone</doc>
<status status="NOT RUN" start="2024-11-05T21:44:10.840914" elapsed="0.000000"/>
</kw>
<status status="FAIL" start="2024-11-05T21:43:59.875645" elapsed="10.966266">Element with locator 'xpath=/html/body/div/div/div[2]/div/form/div/div[4]/p' not found.</status>
</test>
<status status="FAIL" start="2024-11-05T21:43:59.834755" elapsed="11.009150"/>
</suite>
<suite id="s1-s3" name="Email-Test" source="C:\Users\Iza Wicki\OneDrive\Documentos\Robot-Tests-Web\tests\email-test.robot">
<test id="s1-s3-t1" name="Cenario de Teste: Editar Email" line="15">
<kw name="Fazer Login de usuario e acessar a tela de cadastro" owner="login-cadastrokeywords" type="SETUP">
<kw name="Abrir o navegador e acessar página inicial" owner="login-cadastrokeywords">
<kw name="Open Browser" owner="SeleniumLibrary">
<msg time="2024-11-05T21:44:10.931670" level="INFO">Opening browser 'chrome' to base url 'None'.</msg>
<arg>browser=chrome</arg>
<doc>Opens a new browser instance to the optional ``url``.</doc>
<status status="PASS" start="2024-11-05T21:44:10.931670" elapsed="4.445320"/>
</kw>
<kw name="Maximize Browser Window" owner="SeleniumLibrary">
<doc>Maximizes current browser window.</doc>
<status status="PASS" start="2024-11-05T21:44:15.377989" elapsed="0.226392"/>
</kw>
<kw name="Go To" owner="SeleniumLibrary">
<msg time="2024-11-05T21:44:15.605380" level="INFO">Opening url 'https://automacao.qacoders.dev.br/login'</msg>
<arg>url=${urlBase}</arg>
<doc>Navigates the current browser window to the provided ``url``.</doc>
<status status="PASS" start="2024-11-05T21:44:15.605380" elapsed="3.166232"/>
</kw>
<status status="PASS" start="2024-11-05T21:44:10.930673" elapsed="7.840939"/>
</kw>
<kw name="Realizar Login" owner="login-cadastrokeywords">
<kw name="Wait Until Element Is Visible" owner="SeleniumLibrary">
<arg>${EMAIL_LOGIN}</arg>
<doc>Waits until the element ``locator`` is visible.</doc>
<status status="PASS" start="2024-11-05T21:44:18.774609" elapsed="0.080779"/>
</kw>
<kw name="Input Text" owner="SeleniumLibrary">
<msg time="2024-11-05T21:44:18.856387" level="INFO">Typing text 'sysadmin@qacoders.com' into text field 'id=email'.</msg>
<arg>${EMAIL_LOGIN}</arg>
<arg>${EMAIL_VALIDO}</arg>
<doc>Types the given ``text`` into the text field identified by ``locator``.</doc>
<status status="PASS" start="2024-11-05T21:44:18.856387" elapsed="0.426856"/>
</kw>
<kw name="Wait Until Element Is Visible" owner="SeleniumLibrary">
<arg>${SENHA_LOGIN}</arg>
<doc>Waits until the element ``locator`` is visible.</doc>
<status status="PASS" start="2024-11-05T21:44:19.283243" elapsed="0.072804"/>
</kw>
<kw name="Input Password" owner="SeleniumLibrary">
<msg time="2024-11-05T21:44:19.357043" level="INFO">Typing password into text field 'id=password'.</msg>
<msg time="2024-11-05T21:44:19.422869" level="INFO">Temporally setting log level to: NONE</msg>
<arg>${SENHA_LOGIN}</arg>
<arg>${SENHA_VALIDA}</arg>
<doc>Types the given password into the text field identified by ``locator``.</doc>
<status status="PASS" start="2024-11-05T21:44:19.356047" elapsed="0.204466"/>
</kw>
<kw name="Wait Until Element Is Visible" owner="SeleniumLibrary">
<arg>${BOTAO_IMPUT}</arg>
<doc>Waits until the element ``locator`` is visible.</doc>
<status status="PASS" start="2024-11-05T21:44:19.561506" elapsed="0.053856"/>
</kw>
<kw name="Click Button" owner="SeleniumLibrary">
<msg time="2024-11-05T21:44:19.616361" level="INFO">Clicking button 'id=login'.</msg>
<arg>${BOTAO_IMPUT}</arg>
<doc>Clicks the button identified by ``locator``.</doc>
<status status="PASS" start="2024-11-05T21:44:19.615362" elapsed="0.163565"/>
</kw>
<status status="PASS" start="2024-11-05T21:44:18.772610" elapsed="1.007313"/>
</kw>
<kw name="Acessar Tela de Cadastro de Usuários" owner="login-cadastrokeywords">
<kw name="Wait Until Element Is Visible" owner="SeleniumLibrary">
<arg>${CADASTROS_BUTTON}</arg>
<arg>timeout=120</arg>
<doc>Waits until the element ``locator`` is visible.</doc>
<status status="PASS" start="2024-11-05T21:44:19.780919" elapsed="0.588427"/>
</kw>
<kw name="Click Element" owner="SeleniumLibrary">
<msg time="2024-11-05T21:44:20.370342" level="INFO">Clicking element '//*[@id="Cadastros"]/span'.</msg>
<arg>${CADASTROS_BUTTON}</arg>
<doc>Click the element identified by ``locator``.</doc>
<status status="PASS" start="2024-11-05T21:44:20.370342" elapsed="0.130652"/>
</kw>
<kw name="Click Element" owner="SeleniumLibrary">
<msg time="2024-11-05T21:44:20.501991" level="INFO">Clicking element '//*[@id="Usuários"]/span'.</msg>
<arg>${USUARIOS_BUTTON}</arg>
<doc>Click the element identified by ``locator``.</doc>
<status status="PASS" start="2024-11-05T21:44:20.501991" elapsed="0.229273"/>
</kw>
<kw name="Wait Until Element Is Visible" owner="SeleniumLibrary">
<arg>id=edit</arg>
<arg>timeout=30</arg>
<doc>Waits until the element ``locator`` is visible.</doc>
<status status="PASS" start="2024-11-05T21:44:20.731264" elapsed="1.787563"/>
</kw>
<kw name="Click Element" owner="SeleniumLibrary">
<msg time="2024-11-05T21:44:22.519854" level="INFO">Clicking element 'id=edit'.</msg>
<arg>id=edit</arg>
<doc>Click the element identified by ``locator``.</doc>
<status status="PASS" start="2024-11-05T21:44:22.518827" elapsed="0.102543"/>
</kw>
<status status="PASS" start="2024-11-05T21:44:19.779923" elapsed="2.842445"/>
</kw>
<status status="PASS" start="2024-11-05T21:44:10.929676" elapsed="11.692692"/>
</kw>
<kw name="Editar E-mail Vazio" owner="email-keywords">
<kw name="Wait Until Element Is Visible" owner="SeleniumLibrary">
<arg>locator=${FULL_NAME_FIELD}</arg>
<arg>timeout=10s</arg>
<doc>Waits until the element ``locator`` is visible.</doc>
<status status="PASS" start="2024-11-05T21:44:22.624363" elapsed="0.072804"/>
</kw>
<kw name="Input Text" owner="SeleniumLibrary">
<msg time="2024-11-05T21:44:22.698164" level="INFO">Typing text ' ' '' into text field 'id=mail'.</msg>
<arg>locator=${EMAIL_FIELD}</arg>
<arg>text= ' '</arg>
<doc>Types the given ``text`` into the text field identified by ``locator``.</doc>
<status status="PASS" start="2024-11-05T21:44:22.698164" elapsed="0.350065"/>
</kw>
<kw name="Click Button" owner="SeleniumLibrary">
<msg time="2024-11-05T21:44:23.049224" level="INFO">Clicking button 'id=save'.</msg>
<arg>locator=${SAVE_BUTTON}</arg>
<doc>Clicks the button identified by ``locator``.</doc>
<status status="PASS" start="2024-11-05T21:44:23.049224" elapsed="0.180518"/>
</kw>
<kw name="Wait Until Element Is Visible" owner="SeleniumLibrary">
<msg time="2024-11-05T21:44:33.562689" level="INFO" html="true">&lt;/td&gt;&lt;/tr&gt;&lt;tr&gt;&lt;td colspan="3"&gt;&lt;a href="selenium-screenshot-2.png"&gt;&lt;img src="selenium-screenshot-2.png" width="800px"&gt;&lt;/a&gt;</msg>
<msg time="2024-11-05T21:44:33.563688" level="FAIL">Element 'xpath=//p[contains(text(), 'Email inválido')]' not visible after 10 seconds.</msg>
<arg>xpath=//p[contains(text(), 'Email inválido')]</arg>
<arg>timeout=10s</arg>
<doc>Waits until the element ``locator`` is visible.</doc>
<status status="FAIL" start="2024-11-05T21:44:23.229742" elapsed="10.336937">Element 'xpath=//p[contains(text(), 'Email inválido')]' not visible after 10 seconds.</status>
</kw>
<kw name="Get Text" owner="SeleniumLibrary">
<var>${error_message}</var>
<arg>xpath=//p[contains(text(), 'Email inválido')]</arg>
<doc>Returns the text value of the element identified by ``locator``.</doc>
<status status="NOT RUN" start="2024-11-05T21:44:33.567676" elapsed="0.000000"/>
</kw>
<kw name="Log" owner="BuiltIn">
<arg>Mensagem de erro capturada: ${error_message}</arg>
<doc>Logs the given message with the given level.</doc>
<status status="NOT RUN" start="2024-11-05T21:44:33.567676" elapsed="0.000000"/>
</kw>
<kw name="Should Be Equal As Strings" owner="BuiltIn">
<arg>${error_message}</arg>
<arg>Email inválido</arg>
<doc>Fails if objects are unequal after converting them to strings.</doc>
<status status="NOT RUN" start="2024-11-05T21:44:33.568674" elapsed="0.000000"/>
</kw>
<doc>Verifica se uma mensagem de erro aparece ao tentar submeter um e-mail vazio</doc>
<status status="FAIL" start="2024-11-05T21:44:22.623366" elapsed="10.946305">Element 'xpath=//p[contains(text(), 'Email inválido')]' not visible after 10 seconds.</status>
</kw>
<kw name="Editar E-mail Inválido sem domínio" owner="email-keywords">
<doc>Verifica se uma mensagem de erro aparece ao tentar submeter um e-mail sem dominio</doc>
<status status="NOT RUN" start="2024-11-05T21:44:33.570668" elapsed="0.000000"/>
</kw>
<kw name="Editar E-mail Com Espaços" owner="email-keywords">
<doc>Verifica se uma mensagem de erro aparece ao tentar submeter um e-mail com espaços</doc>
<status status="NOT RUN" start="2024-11-05T21:44:33.571665" elapsed="0.000000"/>
</kw>
<kw name="Editar E-mail Válido" owner="email-keywords">
<doc>Verifica se o sistema aceita um e-mail válido ao editar</doc>
<status status="NOT RUN" start="2024-11-05T21:44:33.575654" elapsed="0.000000"/>
</kw>
<status status="FAIL" start="2024-11-05T21:44:10.927682" elapsed="22.648970">Element 'xpath=//p[contains(text(), 'Email inválido')]' not visible after 10 seconds.</status>
</test>
<status status="FAIL" start="2024-11-05T21:44:10.846898" elapsed="22.737733"/>
</suite>
<suite id="s1-s4" name="Login-Cadastro" source="C:\Users\Iza Wicki\OneDrive\Documentos\Robot-Tests-Web\tests\login-cadastro.robot">
<test id="s1-s4-t1" name="Fazer Login de usuario e acessar a tela de cadastro" line="10">
<kw name="Abrir o navegador e acessar página inicial" owner="login-cadastrokeywords">
<kw name="Open Browser" owner="SeleniumLibrary">
<msg time="2024-11-05T21:44:33.647464" level="INFO">Opening browser 'chrome' to base url 'None'.</msg>
<arg>browser=chrome</arg>
<doc>Opens a new browser instance to the optional ``url``.</doc>
<status status="PASS" start="2024-11-05T21:44:33.647464" elapsed="4.131759"/>
</kw>
<kw name="Maximize Browser Window" owner="SeleniumLibrary">
<doc>Maximizes current browser window.</doc>
<status status="PASS" start="2024-11-05T21:44:37.779223" elapsed="0.420874"/>
</kw>
<kw name="Go To" owner="SeleniumLibrary">
<msg time="2024-11-05T21:44:38.201097" level="INFO">Opening url 'https://automacao.qacoders.dev.br/login'</msg>
<arg>url=${urlBase}</arg>
<doc>Navigates the current browser window to the provided ``url``.</doc>
<status status="PASS" start="2024-11-05T21:44:38.200097" elapsed="3.912713"/>
</kw>
<status status="PASS" start="2024-11-05T21:44:33.646466" elapsed="8.466344"/>
</kw>
<kw name="Realizar Login" owner="login-cadastrokeywords">
<kw name="Wait Until Element Is Visible" owner="SeleniumLibrary">
<arg>${EMAIL_LOGIN}</arg>
<doc>Waits until the element ``locator`` is visible.</doc>
<status status="PASS" start="2024-11-05T21:44:42.113808" elapsed="0.111701"/>
</kw>
<kw name="Input Text" owner="SeleniumLibrary">
<msg time="2024-11-05T21:44:42.226505" level="INFO">Typing text 'sysadmin@qacoders.com' into text field 'id=email'.</msg>
<arg>${EMAIL_LOGIN}</arg>
<arg>${EMAIL_VALIDO}</arg>
<doc>Types the given ``text`` into the text field identified by ``locator``.</doc>
<status status="PASS" start="2024-11-05T21:44:42.225509" elapsed="0.386965"/>
</kw>
<kw name="Wait Until Element Is Visible" owner="SeleniumLibrary">
<arg>${SENHA_LOGIN}</arg>
<doc>Waits until the element ``locator`` is visible.</doc>
<status status="PASS" start="2024-11-05T21:44:42.612474" elapsed="0.037897"/>
</kw>
<kw name="Input Password" owner="SeleniumLibrary">
<msg time="2024-11-05T21:44:42.651374" level="INFO">Typing password into text field 'id=password'.</msg>
<msg time="2024-11-05T21:44:42.705224" level="INFO">Temporally setting log level to: NONE</msg>
<arg>${SENHA_LOGIN}</arg>
<arg>${SENHA_VALIDA}</arg>
<doc>Types the given password into the text field identified by ``locator``.</doc>
<status status="PASS" start="2024-11-05T21:44:42.650371" elapsed="0.173536"/>
</kw>
<kw name="Wait Until Element Is Visible" owner="SeleniumLibrary">
<arg>${BOTAO_IMPUT}</arg>
<doc>Waits until the element ``locator`` is visible.</doc>
<status status="PASS" start="2024-11-05T21:44:42.824905" elapsed="0.030917"/>
</kw>
<kw name="Click Button" owner="SeleniumLibrary">
<msg time="2024-11-05T21:44:42.856819" level="INFO">Clicking button 'id=login'.</msg>
<arg>${BOTAO_IMPUT}</arg>
<doc>Clicks the button identified by ``locator``.</doc>
<status status="PASS" start="2024-11-05T21:44:42.856819" elapsed="0.127658"/>
</kw>
<status status="PASS" start="2024-11-05T21:44:42.113808" elapsed="0.870669"/>
</kw>
<kw name="Acessar Tela de Cadastro de Usuários" owner="login-cadastrokeywords">
<kw name="Wait Until Element Is Visible" owner="SeleniumLibrary">
<arg>${CADASTROS_BUTTON}</arg>
<arg>timeout=120</arg>
<doc>Waits until the element ``locator`` is visible.</doc>
<status status="PASS" start="2024-11-05T21:44:42.985474" elapsed="1.772076"/>
</kw>
<kw name="Click Element" owner="SeleniumLibrary">
<msg time="2024-11-05T21:44:44.758545" level="INFO">Clicking element '//*[@id="Cadastros"]/span'.</msg>
<msg time="2024-11-05T21:44:45.055752" level="INFO" html="true">&lt;/td&gt;&lt;/tr&gt;&lt;tr&gt;&lt;td colspan="3"&gt;&lt;a href="selenium-screenshot-3.png"&gt;&lt;img src="selenium-screenshot-3.png" width="800px"&gt;&lt;/a&gt;</msg>
<msg time="2024-11-05T21:44:45.055752" level="FAIL">StaleElementReferenceException: Message: stale element reference: stale element not found in the current frame
  (Session info: chrome=130.0.6723.92); For documentation on this error, please visit: https://www.selenium.dev/documentation/webdriver/troubleshooting/errors#stale-element-reference-exception
Stacktrace:
	GetHandleVerifier [0x00007FF7B97AE1F5+2972373]
	(No symbol) [0x00007FF7B94455F0]
	(No symbol) [0x00007FF7B92E57FA]
	(No symbol) [0x00007FF7B92EC2CC]
	(No symbol) [0x00007FF7B92EE5E7]
	(No symbol) [0x00007FF7B92EE6A0]
	(No symbol) [0x00007FF7B93381EA]
	(No symbol) [0x00007FF7B9336F69]
	(No symbol) [0x00007FF7B932992E]
	(No symbol) [0x00007FF7B935BA7A]
	(No symbol) [0x00007FF7B9329266]
	(No symbol) [0x00007FF7B935BC90]
	(No symbol) [0x00007FF7B937B8CC]
	(No symbol) [0x00007FF7B935B823]
	(No symbol) [0x00007FF7B93275E8]
	(No symbol) [0x00007FF7B9328751]
	GetHandleVerifier [0x00007FF7B97D47BD+3129501]
	GetHandleVerifier [0x00007FF7B9824D00+3458528]
	GetHandleVerifier [0x00007FF7B981B05D+3418429]
	GetHandleVerifier [0x00007FF7B95A687B+844123]
	(No symbol) [0x00007FF7B9450AFF]
	(No symbol) [0x00007FF7B944C6D4]
	(No symbol) [0x00007FF7B944C86D]
	(No symbol) [0x00007FF7B943BD79]
	BaseThreadInitThunk [0x00007FFB8FA87374+20]
	RtlUserThreadStart [0x00007FFB90CFCC91+33]
</msg>
<arg>${CADASTROS_BUTTON}</arg>
<doc>Click the element identified by ``locator``.</doc>
<status status="FAIL" start="2024-11-05T21:44:44.758545" elapsed="0.302193">StaleElementReferenceException: Message: stale element reference: stale element not found in the current frame
  (Session info: chrome=130.0.6723.92); For documentation on this error, please visit: https://www.selenium.dev/documentation/webdriver/troubleshooting/errors#stale-element-reference-exception
Stacktrace:
	GetHandleVerifier [0x00007FF7B97AE1F5+2972373]
	(No symbol) [0x00007FF7B94455F0]
	(No symbol) [0x00007FF7B92E57FA]
	(No symbol) [0x00007FF7B92EC2CC]
	(No symbol) [0x00007FF7B92EE5E7]
	(No symbol) [0x00007FF7B92EE6A0]
	(No symbol) [0x00007FF7B93381EA]
	(No symbol) [0x00007FF7B9336F69]
	(No symbol) [0x00007FF7B932992E]
	(No symbol) [0x00007FF7B935BA7A]
	(No symbol) [0x00007FF7B9329266]
	(No symbol) [0x00007FF7B935BC90]
	(No symbol) [0x00007FF7B937B8CC]
	(No symbol) [0x00007FF7B935B823]
	(No symbol) [0x00007FF7B93275E8]
	(No symbol) [0x00007FF7B9328751]
	GetHandleVerifier [0x00007FF7B97D47BD+3129501]
	GetHandleVerifier [0x00007FF7B9824D00+3458528]
	GetHandleVerifier [0x00007FF7B981B05D+3418429]
	GetHandleVerifier [0x00007FF7B95A687B+844123]
	(No symbol) [0x00007FF7B9450AFF]
	(No symbol) [0x00007FF7B944C6D4]
	(No symbol) [0x00007FF7B944C86D]
	(No symbol) [0x00007FF7B943BD79]
	BaseThreadInitThunk [0x00007FFB8FA87374+20]
	RtlUserThreadStart [0x00007FFB90CFCC91+33]
</status>
</kw>
<kw name="Click Element" owner="SeleniumLibrary">
<arg>${USUARIOS_BUTTON}</arg>
<doc>Click the element identified by ``locator``.</doc>
<status status="NOT RUN" start="2024-11-05T21:44:45.061735" elapsed="0.000000"/>
</kw>
<kw name="Wait Until Element Is Visible" owner="SeleniumLibrary">
<arg>id=edit</arg>
<arg>timeout=30</arg>
<doc>Waits until the element ``locator`` is visible.</doc>
<status status="NOT RUN" start="2024-11-05T21:44:45.061735" elapsed="0.000000"/>
</kw>
<kw name="Click Element" owner="SeleniumLibrary">
<arg>id=edit</arg>
<doc>Click the element identified by ``locator``.</doc>
<status status="NOT RUN" start="2024-11-05T21:44:45.061735" elapsed="0.000000"/>
</kw>
<status status="FAIL" start="2024-11-05T21:44:42.985474" elapsed="2.077258">StaleElementReferenceException: Message: stale element reference: stale element not found in the current frame
  (Session info: chrome=130.0.6723.92); For documentation on this error, please visit: https://www.selenium.dev/documentation/webdriver/troubleshooting/errors#stale-element-reference-exception
Stacktrace:
	GetHandleVerifier [0x00007FF7B97AE1F5+2972373]
	(No symbol) [0x00007FF7B94455F0]
	(No symbol) [0x00007FF7B92E57FA]
	(No symbol) [0x00007FF7B92EC2CC]
	(No symbol) [0x00007FF7B92EE5E7]
	(No symbol) [0x00007FF7B92EE6A0]
	(No symbol) [0x00007FF7B93381EA]
	(No symbol) [0x00007FF7B9336F69]
	(No symbol) [0x00007FF7B932992E]
	(No symbol) [0x00007FF7B935BA7A]
	(No symbol) [0x00007FF7B9329266]
	(No symbol) [0x00007FF7B935BC90]
	(No symbol) [0x00007FF7B937B8CC]
	(No symbol) [0x00007FF7B935B823]
	(No symbol) [0x00007FF7B93275E8]
	(No symbol) [0x00007FF7B9328751]
	GetHandleVerifier [0x00007FF7B97D47BD+3129501]
	GetHandleVerifier [0x00007FF7B9824D00+3458528]
	GetHandleVerifier [0x00007FF7B981B05D+3418429]
	GetHandleVerifier [0x00007FF7B95A687B+844123]
	(No symbol) [0x00007FF7B9450AFF]
	(No symbol) [0x00007FF7B944C6D4]
	(No symbol) [0x00007FF7B944C86D]
	(No symbol) [0x00007FF7B943BD79]
	BaseThreadInitThunk [0x00007FFB8FA87374+20]
	RtlUserThreadStart [0x00007FFB90CFCC91+33]
</status>
</kw>
<status status="FAIL" start="2024-11-05T21:44:33.645468" elapsed="11.417264">StaleElementReferenceException: Message: stale element reference: stale element not found in the current frame
  (Session info: chrome=130.0.6723.92); For documentation on this error, please visit: https://www.selenium.dev/documentation/webdriver/troubleshooting/errors#stale-element-reference-exception
Stacktrace:
	GetHandleVerifier [0x00007FF7B97AE1F5+2972373]
	(No symbol) [0x00007FF7B94455F0]
	(No symbol) [0x00007FF7B92E57FA]
	(No symbol) [0x00007FF7B92EC2CC]
	(No symbol) [0x00007FF7B92EE5E7]
	(No symbol) [0x00007FF7B92EE6A0]
	(No symbol) [0x00007FF7B93381EA]
	(No symbol) [0x00007FF7B9336F69]
	(No symbol) [0x00007FF7B932992E]
	(No symbol) [0x00007FF7B935BA7A]
	(No symbol) [0x00007FF7B9329266]
	(No symbol) [0x00007FF7B935BC90]
	(No symbol) [0x00007FF7B937B8CC]
	(No symbol) [0x00007FF7B935B823]
	(No symbol) [0x00007FF7B93275E8]
	(No symbol) [0x00007FF7B9328751]
	GetHandleVerifier [0x00007FF7B97D47BD+3129501]
	GetHandleVerifier [0x00007FF7B9824D00+3458528]
	GetHandleVerifier [0x00007FF7B981B05D+3418429]
	GetHandleVerifier [0x00007FF7B95A687B+844123]
	(No symbol) [0x00007FF7B9450AFF]
	(No symbol) [0x00007FF7B944C6D4]
	(No symbol) [0x00007FF7B944C86D]
	(No symbol) [0x00007FF7B943BD79]
	BaseThreadInitThunk [0x00007FFB8FA87374+20]
	RtlUserThreadStart [0x00007FFB90CFCC91+33]
</status>
</test>
<status status="FAIL" start="2024-11-05T21:44:33.596599" elapsed="11.475109"/>
</suite>
<suite id="s1-s5" name="Nome-Completo" source="C:\Users\Iza Wicki\OneDrive\Documentos\Robot-Tests-Web\tests\nome-completo.robot">
<test id="s1-s5-t1" name=" Editar Nome" line="13">
<kw name="Fazer Login de usuario e acessar a tela de cadastro" owner="login-cadastrokeywords" type="SETUP">
<kw name="Abrir o navegador e acessar página inicial" owner="login-cadastrokeywords">
<kw name="Open Browser" owner="SeleniumLibrary">
<msg time="2024-11-05T21:44:45.122573" level="INFO">Opening browser 'chrome' to base url 'None'.</msg>
<arg>browser=chrome</arg>
<doc>Opens a new browser instance to the optional ``url``.</doc>
<status status="PASS" start="2024-11-05T21:44:45.121576" elapsed="4.177828"/>
</kw>
<kw name="Maximize Browser Window" owner="SeleniumLibrary">
<doc>Maximizes current browser window.</doc>
<status status="PASS" start="2024-11-05T21:44:49.299404" elapsed="0.212432"/>
</kw>
<kw name="Go To" owner="SeleniumLibrary">
<msg time="2024-11-05T21:44:49.511836" level="INFO">Opening url 'https://automacao.qacoders.dev.br/login'</msg>
<arg>url=${urlBase}</arg>
<doc>Navigates the current browser window to the provided ``url``.</doc>
<status status="PASS" start="2024-11-05T21:44:49.511836" elapsed="4.106381"/>
</kw>
<status status="PASS" start="2024-11-05T21:44:45.120578" elapsed="8.497639"/>
</kw>
<kw name="Realizar Login" owner="login-cadastrokeywords">
<kw name="Wait Until Element Is Visible" owner="SeleniumLibrary">
<arg>${EMAIL_LOGIN}</arg>
<doc>Waits until the element ``locator`` is visible.</doc>
<status status="PASS" start="2024-11-05T21:44:53.619427" elapsed="0.131185"/>
</kw>
<kw name="Input Text" owner="SeleniumLibrary">
<msg time="2024-11-05T21:44:53.751801" level="INFO">Typing text 'sysadmin@qacoders.com' into text field 'id=email'.</msg>
<arg>${EMAIL_LOGIN}</arg>
<arg>${EMAIL_VALIDO}</arg>
<doc>Types the given ``text`` into the text field identified by ``locator``.</doc>
<status status="PASS" start="2024-11-05T21:44:53.751118" elapsed="0.644903"/>
</kw>
<kw name="Wait Until Element Is Visible" owner="SeleniumLibrary">
<arg>${SENHA_LOGIN}</arg>
<doc>Waits until the element ``locator`` is visible.</doc>
<status status="PASS" start="2024-11-05T21:44:54.396021" elapsed="0.059840"/>
</kw>
<kw name="Input Password" owner="SeleniumLibrary">
<msg time="2024-11-05T21:44:54.456858" level="INFO">Typing password into text field 'id=password'.</msg>
<msg time="2024-11-05T21:44:54.537642" level="INFO">Temporally setting log level to: NONE</msg>
<arg>${SENHA_LOGIN}</arg>
<arg>${SENHA_VALIDA}</arg>
<doc>Types the given password into the text field identified by ``locator``.</doc>
<status status="PASS" start="2024-11-05T21:44:54.455861" elapsed="0.271275"/>
</kw>
<kw name="Wait Until Element Is Visible" owner="SeleniumLibrary">
<arg>${BOTAO_IMPUT}</arg>
<doc>Waits until the element ``locator`` is visible.</doc>
<status status="PASS" start="2024-11-05T21:44:54.728133" elapsed="0.044879"/>
</kw>
<kw name="Click Button" owner="SeleniumLibrary">
<msg time="2024-11-05T21:44:54.774010" level="INFO">Clicking button 'id=login'.</msg>
<arg>${BOTAO_IMPUT}</arg>
<doc>Clicks the button identified by ``locator``.</doc>
<status status="PASS" start="2024-11-05T21:44:54.774010" elapsed="0.155586"/>
</kw>
<status status="PASS" start="2024-11-05T21:44:53.618816" elapsed="1.311775"/>
</kw>
<kw name="Acessar Tela de Cadastro de Usuários" owner="login-cadastrokeywords">
<kw name="Wait Until Element Is Visible" owner="SeleniumLibrary">
<arg>${CADASTROS_BUTTON}</arg>
<arg>timeout=120</arg>
<doc>Waits until the element ``locator`` is visible.</doc>
<status status="PASS" start="2024-11-05T21:44:54.931593" elapsed="2.086041"/>
</kw>
<kw name="Click Element" owner="SeleniumLibrary">
<msg time="2024-11-05T21:44:57.018631" level="INFO">Clicking element '//*[@id="Cadastros"]/span'.</msg>
<msg time="2024-11-05T21:44:57.314837" level="INFO" html="true">&lt;/td&gt;&lt;/tr&gt;&lt;tr&gt;&lt;td colspan="3"&gt;&lt;a href="selenium-screenshot-4.png"&gt;&lt;img src="selenium-screenshot-4.png" width="800px"&gt;&lt;/a&gt;</msg>
<msg time="2024-11-05T21:44:57.314837" level="FAIL">StaleElementReferenceException: Message: stale element reference: stale element not found in the current frame
  (Session info: chrome=130.0.6723.92); For documentation on this error, please visit: https://www.selenium.dev/documentation/webdriver/troubleshooting/errors#stale-element-reference-exception
Stacktrace:
	GetHandleVerifier [0x00007FF7B97AE1F5+2972373]
	(No symbol) [0x00007FF7B94455F0]
	(No symbol) [0x00007FF7B92E57FA]
	(No symbol) [0x00007FF7B92EC2CC]
	(No symbol) [0x00007FF7B92EE5E7]
	(No symbol) [0x00007FF7B92EE6A0]
	(No symbol) [0x00007FF7B9337B4B]
	(No symbol) [0x00007FF7B9336BB7]
	(No symbol) [0x00007FF7B932992E]
	(No symbol) [0x00007FF7B935BA7A]
	(No symbol) [0x00007FF7B9329266]
	(No symbol) [0x00007FF7B935BC90]
	(No symbol) [0x00007FF7B937B8CC]
	(No symbol) [0x00007FF7B935B823]
	(No symbol) [0x00007FF7B93275E8]
	(No symbol) [0x00007FF7B9328751]
	GetHandleVerifier [0x00007FF7B97D47BD+3129501]
	GetHandleVerifier [0x00007FF7B9824D00+3458528]
	GetHandleVerifier [0x00007FF7B981B05D+3418429]
	GetHandleVerifier [0x00007FF7B95A687B+844123]
	(No symbol) [0x00007FF7B9450AFF]
	(No symbol) [0x00007FF7B944C6D4]
	(No symbol) [0x00007FF7B944C86D]
	(No symbol) [0x00007FF7B943BD79]
	BaseThreadInitThunk [0x00007FFB8FA87374+20]
	RtlUserThreadStart [0x00007FFB90CFCC91+33]
</msg>
<arg>${CADASTROS_BUTTON}</arg>
<doc>Click the element identified by ``locator``.</doc>
<status status="FAIL" start="2024-11-05T21:44:57.018631" elapsed="0.299198">StaleElementReferenceException: Message: stale element reference: stale element not found in the current frame
  (Session info: chrome=130.0.6723.92); For documentation on this error, please visit: https://www.selenium.dev/documentation/webdriver/troubleshooting/errors#stale-element-reference-exception
Stacktrace:
	GetHandleVerifier [0x00007FF7B97AE1F5+2972373]
	(No symbol) [0x00007FF7B94455F0]
	(No symbol) [0x00007FF7B92E57FA]
	(No symbol) [0x00007FF7B92EC2CC]
	(No symbol) [0x00007FF7B92EE5E7]
	(No symbol) [0x00007FF7B92EE6A0]
	(No symbol) [0x00007FF7B9337B4B]
	(No symbol) [0x00007FF7B9336BB7]
	(No symbol) [0x00007FF7B932992E]
	(No symbol) [0x00007FF7B935BA7A]
	(No symbol) [0x00007FF7B9329266]
	(No symbol) [0x00007FF7B935BC90]
	(No symbol) [0x00007FF7B937B8CC]
	(No symbol) [0x00007FF7B935B823]
	(No symbol) [0x00007FF7B93275E8]
	(No symbol) [0x00007FF7B9328751]
	GetHandleVerifier [0x00007FF7B97D47BD+3129501]
	GetHandleVerifier [0x00007FF7B9824D00+3458528]
	GetHandleVerifier [0x00007FF7B981B05D+3418429]
	GetHandleVerifier [0x00007FF7B95A687B+844123]
	(No symbol) [0x00007FF7B9450AFF]
	(No symbol) [0x00007FF7B944C6D4]
	(No symbol) [0x00007FF7B944C86D]
	(No symbol) [0x00007FF7B943BD79]
	BaseThreadInitThunk [0x00007FFB8FA87374+20]
	RtlUserThreadStart [0x00007FFB90CFCC91+33]
</status>
</kw>
<kw name="Click Element" owner="SeleniumLibrary">
<arg>${USUARIOS_BUTTON}</arg>
<doc>Click the element identified by ``locator``.</doc>
<status status="NOT RUN" start="2024-11-05T21:44:57.318825" elapsed="0.000000"/>
</kw>
<kw name="Wait Until Element Is Visible" owner="SeleniumLibrary">
<arg>id=edit</arg>
<arg>timeout=30</arg>
<doc>Waits until the element ``locator`` is visible.</doc>
<status status="NOT RUN" start="2024-11-05T21:44:57.319824" elapsed="0.000000"/>
</kw>
<kw name="Click Element" owner="SeleniumLibrary">
<arg>id=edit</arg>
<doc>Click the element identified by ``locator``.</doc>
<status status="NOT RUN" start="2024-11-05T21:44:57.319824" elapsed="0.000000"/>
</kw>
<status status="FAIL" start="2024-11-05T21:44:54.930591" elapsed="2.390230">StaleElementReferenceException: Message: stale element reference: stale element not found in the current frame
  (Session info: chrome=130.0.6723.92); For documentation on this error, please visit: https://www.selenium.dev/documentation/webdriver/troubleshooting/errors#stale-element-reference-exception
Stacktrace:
	GetHandleVerifier [0x00007FF7B97AE1F5+2972373]
	(No symbol) [0x00007FF7B94455F0]
	(No symbol) [0x00007FF7B92E57FA]
	(No symbol) [0x00007FF7B92EC2CC]
	(No symbol) [0x00007FF7B92EE5E7]
	(No symbol) [0x00007FF7B92EE6A0]
	(No symbol) [0x00007FF7B9337B4B]
	(No symbol) [0x00007FF7B9336BB7]
	(No symbol) [0x00007FF7B932992E]
	(No symbol) [0x00007FF7B935BA7A]
	(No symbol) [0x00007FF7B9329266]
	(No symbol) [0x00007FF7B935BC90]
	(No symbol) [0x00007FF7B937B8CC]
	(No symbol) [0x00007FF7B935B823]
	(No symbol) [0x00007FF7B93275E8]
	(No symbol) [0x00007FF7B9328751]
	GetHandleVerifier [0x00007FF7B97D47BD+3129501]
	GetHandleVerifier [0x00007FF7B9824D00+3458528]
	GetHandleVerifier [0x00007FF7B981B05D+3418429]
	GetHandleVerifier [0x00007FF7B95A687B+844123]
	(No symbol) [0x00007FF7B9450AFF]
	(No symbol) [0x00007FF7B944C6D4]
	(No symbol) [0x00007FF7B944C86D]
	(No symbol) [0x00007FF7B943BD79]
	BaseThreadInitThunk [0x00007FFB8FA87374+20]
	RtlUserThreadStart [0x00007FFB90CFCC91+33]
</status>
</kw>
<status status="FAIL" start="2024-11-05T21:44:45.119580" elapsed="12.201241">StaleElementReferenceException: Message: stale element reference: stale element not found in the current frame
  (Session info: chrome=130.0.6723.92); For documentation on this error, please visit: https://www.selenium.dev/documentation/webdriver/troubleshooting/errors#stale-element-reference-exception
Stacktrace:
	GetHandleVerifier [0x00007FF7B97AE1F5+2972373]
	(No symbol) [0x00007FF7B94455F0]
	(No symbol) [0x00007FF7B92E57FA]
	(No symbol) [0x00007FF7B92EC2CC]
	(No symbol) [0x00007FF7B92EE5E7]
	(No symbol) [0x00007FF7B92EE6A0]
	(No symbol) [0x00007FF7B9337B4B]
	(No symbol) [0x00007FF7B9336BB7]
	(No symbol) [0x00007FF7B932992E]
	(No symbol) [0x00007FF7B935BA7A]
	(No symbol) [0x00007FF7B9329266]
	(No symbol) [0x00007FF7B935BC90]
	(No symbol) [0x00007FF7B937B8CC]
	(No symbol) [0x00007FF7B935B823]
	(No symbol) [0x00007FF7B93275E8]
	(No symbol) [0x00007FF7B9328751]
	GetHandleVerifier [0x00007FF7B97D47BD+3129501]
	GetHandleVerifier [0x00007FF7B9824D00+3458528]
	GetHandleVerifier [0x00007FF7B981B05D+3418429]
	GetHandleVerifier [0x00007FF7B95A687B+844123]
	(No symbol) [0x00007FF7B9450AFF]
	(No symbol) [0x00007FF7B944C6D4]
	(No symbol) [0x00007FF7B944C86D]
	(No symbol) [0x00007FF7B943BD79]
	BaseThreadInitThunk [0x00007FFB8FA87374+20]
	RtlUserThreadStart [0x00007FFB90CFCC91+33]
</status>
</kw>
<status status="FAIL" start="2024-11-05T21:44:45.118583" elapsed="12.219194">Setup failed:
StaleElementReferenceException: Message: stale element reference: stale element not found in the current frame
  (Session info: chrome=130.0.6723.92); For documentation on this error, please visit: https://www.selenium.dev/documentation/webdriver/troubleshooting/errors#stale-element-reference-exception
Stacktrace:
	GetHandleVerifier [0x00007FF7B97AE1F5+2972373]
	(No symbol) [0x00007FF7B94455F0]
	(No symbol) [0x00007FF7B92E57FA]
	(No symbol) [0x00007FF7B92EC2CC]
	(No symbol) [0x00007FF7B92EE5E7]
	(No symbol) [0x00007FF7B92EE6A0]
	(No symbol) [0x00007FF7B9337B4B]
	(No symbol) [0x00007FF7B9336BB7]
	(No symbol) [0x00007FF7B932992E]
	(No symbol) [0x00007FF7B935BA7A]
	(No symbol) [0x00007FF7B9329266]
	(No symbol) [0x00007FF7B935BC90]
	(No symbol) [0x00007FF7B937B8CC]
	(No symbol) [0x00007FF7B935B823]
	(No symbol) [0x00007FF7B93275E8]
	(No symbol) [0x00007FF7B9328751]
	GetHandleVerifier [0x00007FF7B97D47BD+3129501]
	GetHandleVerifier [0x00007FF7B9824D00+3458528]
	GetHandleVerifier [0x00007FF7B981B05D+3418429]
	GetHandleVerifier [0x00007FF7B95A687B+844123]
	(No symbol) [0x00007FF7B9450AFF]
	(No symbol) [0x00007FF7B944C6D4]
	(No symbol) [0x00007FF7B944C86D]
	(No symbol) [0x00007FF7B943BD79]
	BaseThreadInitThunk [0x00007FFB8FA87374+20]
	RtlUserThreadStart [0x00007FFB90CFCC91+33]
</status>
</test>
<status status="FAIL" start="2024-11-05T21:44:45.075698" elapsed="12.282026"/>
</suite>
<status status="FAIL" start="2024-11-05T21:43:50.222477" elapsed="67.139236"/>
</suite>
<statistics>
<total>
<stat pass="1" fail="4" skip="0">All Tests</stat>
</total>
<tag>
</tag>
<suite>
<stat pass="1" fail="4" skip="0" id="s1" name="Tests">Tests</stat>
<stat pass="1" fail="0" skip="0" id="s1-s1" name="Acesso-Tela-Cadasto">Tests.Acesso-Tela-Cadasto</stat>
<stat pass="0" fail="1" skip="0" id="s1-s2" name="Company">Tests.Company</stat>
<stat pass="0" fail="1" skip="0" id="s1-s3" name="Email-Test">Tests.Email-Test</stat>
<stat pass="0" fail="1" skip="0" id="s1-s4" name="Login-Cadastro">Tests.Login-Cadastro</stat>
<stat pass="0" fail="1" skip="0" id="s1-s5" name="Nome-Completo">Tests.Nome-Completo</stat>
</suite>
</statistics>
<errors>
<msg time="2024-11-05T21:44:45.115591" level="ERROR">Error in file 'C:\Users\Iza Wicki\OneDrive\Documentos\Robot-Tests-Web\tests\nome-completo.robot' on line 11: Resource setting requires value.</msg>
</errors>
</robot>
